[2019-01-23 08:13:24] production.ERROR: Exception: The bootstrap/cache directory must be present and writable. in F:\laragon\www\php\gso_olongapo\vendor\laravel\framework\src\Illuminate\Foundation\ProviderRepository.php:190
Stack trace:
#0 F:\laragon\www\php\gso_olongapo\vendor\laravel\framework\src\Illuminate\Foundation\ProviderRepository.php(165): Illuminate\Foundation\ProviderRepository->writeManifest(Array)
#1 F:\laragon\www\php\gso_olongapo\vendor\laravel\framework\src\Illuminate\Foundation\ProviderRepository.php(61): Illuminate\Foundation\ProviderRepository->compileManifest(Array)
#2 F:\laragon\www\php\gso_olongapo\vendor\laravel\framework\src\Illuminate\Foundation\Application.php(549): Illuminate\Foundation\ProviderRepository->load(Array)
#3 F:\laragon\www\php\gso_olongapo\vendor\laravel\framework\src\Illuminate\Foundation\Bootstrap\RegisterProviders.php(17): Illuminate\Foundation\Application->registerConfiguredProviders()
#4 F:\laragon\www\php\gso_olongapo\vendor\laravel\framework\src\Illuminate\Foundation\Application.php(208): Illuminate\Foundation\Bootstrap\RegisterProviders->bootstrap(Object(Illuminate\Foundation\Application))
#5 F:\laragon\www\php\gso_olongapo\vendor\laravel\framework\src\Illuminate\Foundation\Console\Kernel.php(267): Illuminate\Foundation\Application->bootstrapWith(Array)
#6 F:\laragon\www\php\gso_olongapo\vendor\laravel\framework\src\Illuminate\Foundation\Console\Kernel.php(114): Illuminate\Foundation\Console\Kernel->bootstrap()
#7 F:\laragon\www\php\gso_olongapo\artisan(35): Illuminate\Foundation\Console\Kernel->handle(Object(Symfony\Component\Console\Input\ArgvInput), Object(Symfony\Component\Console\Output\ConsoleOutput))
#8 {main}  
[2019-01-23 08:14:51] production.ERROR: RuntimeException: The only supported ciphers are AES-128-CBC and AES-256-CBC with the correct key lengths. in F:\laragon\www\php\gso_olongapo\vendor\laravel\framework\src\Illuminate\Encryption\Encrypter.php:43
Stack trace:
#0 F:\laragon\www\php\gso_olongapo\vendor\laravel\framework\src\Illuminate\Encryption\EncryptionServiceProvider.php(27): Illuminate\Encryption\Encrypter->__construct('', 'AES-256-CBC')
#1 F:\laragon\www\php\gso_olongapo\vendor\laravel\framework\src\Illuminate\Container\Container.php(726): Illuminate\Encryption\EncryptionServiceProvider->Illuminate\Encryption\{closure}(Object(Illuminate\Foundation\Application), Array)
#2 F:\laragon\www\php\gso_olongapo\vendor\laravel\framework\src\Illuminate\Container\Container.php(608): Illuminate\Container\Container->build(Object(Closure))
#3 F:\laragon\www\php\gso_olongapo\vendor\laravel\framework\src\Illuminate\Container\Container.php(575): Illuminate\Container\Container->resolve('encrypter')
#4 F:\laragon\www\php\gso_olongapo\vendor\laravel\framework\src\Illuminate\Foundation\Application.php(728): Illuminate\Container\Container->make('encrypter')
#5 F:\laragon\www\php\gso_olongapo\vendor\laravel\framework\src\Illuminate\Container\Container.php(862): Illuminate\Foundation\Application->make('encrypter')
#6 F:\laragon\www\php\gso_olongapo\vendor\laravel\framework\src\Illuminate\Container\Container.php(790): Illuminate\Container\Container->resolveClass(Object(ReflectionParameter))
#7 F:\laragon\www\php\gso_olongapo\vendor\laravel\framework\src\Illuminate\Container\Container.php(757): Illuminate\Container\Container->resolveDependencies(Array)
#8 F:\laragon\www\php\gso_olongapo\vendor\laravel\framework\src\Illuminate\Container\Container.php(608): Illuminate\Container\Container->build('App\\Http\\Middle...')
#9 F:\laragon\www\php\gso_olongapo\vendor\laravel\framework\src\Illuminate\Container\Container.php(575): Illuminate\Container\Container->resolve('App\\Http\\Middle...')
#10 F:\laragon\www\php\gso_olongapo\vendor\laravel\framework\src\Illuminate\Foundation\Application.php(728): Illuminate\Container\Container->make('App\\Http\\Middle...')
#11 F:\laragon\www\php\gso_olongapo\vendor\laravel\framework\src\Illuminate\Pipeline\Pipeline.php(138): Illuminate\Foundation\Application->make('App\\Http\\Middle...')
#12 F:\laragon\www\php\gso_olongapo\vendor\laravel\framework\src\Illuminate\Routing\Pipeline.php(53): Illuminate\Pipeline\Pipeline->Illuminate\Pipeline\{closure}(Object(Illuminate\Http\Request))
#13 F:\laragon\www\php\gso_olongapo\vendor\laravel\framework\src\Illuminate\Pipeline\Pipeline.php(102): Illuminate\Routing\Pipeline->Illuminate\Routing\{closure}(Object(Illuminate\Http\Request))
#14 F:\laragon\www\php\gso_olongapo\vendor\laravel\framework\src\Illuminate\Routing\Router.php(574): Illuminate\Pipeline\Pipeline->then(Object(Closure))
#15 F:\laragon\www\php\gso_olongapo\vendor\laravel\framework\src\Illuminate\Routing\Router.php(533): Illuminate\Routing\Router->runRouteWithinStack(Object(Illuminate\Routing\Route), Object(Illuminate\Http\Request))
#16 F:\laragon\www\php\gso_olongapo\vendor\laravel\framework\src\Illuminate\Routing\Router.php(511): Illuminate\Routing\Router->dispatchToRoute(Object(Illuminate\Http\Request))
#17 F:\laragon\www\php\gso_olongapo\vendor\laravel\framework\src\Illuminate\Foundation\Http\Kernel.php(176): Illuminate\Routing\Router->dispatch(Object(Illuminate\Http\Request))
#18 F:\laragon\www\php\gso_olongapo\vendor\laravel\framework\src\Illuminate\Routing\Pipeline.php(30): Illuminate\Foundation\Http\Kernel->Illuminate\Foundation\Http\{closure}(Object(Illuminate\Http\Request))
#19 F:\laragon\www\php\gso_olongapo\vendor\laravel\framework\src\Illuminate\Foundation\Http\Middleware\TransformsRequest.php(30): Illuminate\Routing\Pipeline->Illuminate\Routing\{closure}(Object(Illuminate\Http\Request))
#20 F:\laragon\www\php\gso_olongapo\vendor\laravel\framework\src\Illuminate\Pipeline\Pipeline.php(148): Illuminate\Foundation\Http\Middleware\TransformsRequest->handle(Object(Illuminate\Http\Request), Object(Closure))
#21 F:\laragon\www\php\gso_olongapo\vendor\laravel\framework\src\Illuminate\Routing\Pipeline.php(53): Illuminate\Pipeline\Pipeline->Illuminate\Pipeline\{closure}(Object(Illuminate\Http\Request))
#22 F:\laragon\www\php\gso_olongapo\vendor\laravel\framework\src\Illuminate\Foundation\Http\Middleware\TransformsRequest.php(30): Illuminate\Routing\Pipeline->Illuminate\Routing\{closure}(Object(Illuminate\Http\Request))
#23 F:\laragon\www\php\gso_olongapo\vendor\laravel\framework\src\Illuminate\Pipeline\Pipeline.php(148): Illuminate\Foundation\Http\Middleware\TransformsRequest->handle(Object(Illuminate\Http\Request), Object(Closure))
#24 F:\laragon\www\php\gso_olongapo\vendor\laravel\framework\src\Illuminate\Routing\Pipeline.php(53): Illuminate\Pipeline\Pipeline->Illuminate\Pipeline\{closure}(Object(Illuminate\Http\Request))
#25 F:\laragon\www\php\gso_olongapo\vendor\laravel\framework\src\Illuminate\Foundation\Http\Middleware\ValidatePostSize.php(27): Illuminate\Routing\Pipeline->Illuminate\Routing\{closure}(Object(Illuminate\Http\Request))
#26 F:\laragon\www\php\gso_olongapo\vendor\laravel\framework\src\Illuminate\Pipeline\Pipeline.php(148): Illuminate\Foundation\Http\Middleware\ValidatePostSize->handle(Object(Illuminate\Http\Request), Object(Closure))
#27 F:\laragon\www\php\gso_olongapo\vendor\laravel\framework\src\Illuminate\Routing\Pipeline.php(53): Illuminate\Pipeline\Pipeline->Illuminate\Pipeline\{closure}(Object(Illuminate\Http\Request))
#28 F:\laragon\www\php\gso_olongapo\vendor\laravel\framework\src\Illuminate\Foundation\Http\Middleware\CheckForMaintenanceMode.php(46): Illuminate\Routing\Pipeline->Illuminate\Routing\{closure}(Object(Illuminate\Http\Request))
#29 F:\laragon\www\php\gso_olongapo\vendor\laravel\framework\src\Illuminate\Pipeline\Pipeline.php(148): Illuminate\Foundation\Http\Middleware\CheckForMaintenanceMode->handle(Object(Illuminate\Http\Request), Object(Closure))
#30 F:\laragon\www\php\gso_olongapo\vendor\laravel\framework\src\Illuminate\Routing\Pipeline.php(53): Illuminate\Pipeline\Pipeline->Illuminate\Pipeline\{closure}(Object(Illuminate\Http\Request))
#31 F:\laragon\www\php\gso_olongapo\vendor\laravel\framework\src\Illuminate\Pipeline\Pipeline.php(102): Illuminate\Routing\Pipeline->Illuminate\Routing\{closure}(Object(Illuminate\Http\Request))
#32 F:\laragon\www\php\gso_olongapo\vendor\laravel\framework\src\Illuminate\Foundation\Http\Kernel.php(151): Illuminate\Pipeline\Pipeline->then(Object(Closure))
#33 F:\laragon\www\php\gso_olongapo\vendor\laravel\framework\src\Illuminate\Foundation\Http\Kernel.php(116): Illuminate\Foundation\Http\Kernel->sendRequestThroughRouter(Object(Illuminate\Http\Request))
#34 F:\laragon\www\php\gso_olongapo\public\index.php(53): Illuminate\Foundation\Http\Kernel->handle(Object(Illuminate\Http\Request))
#35 {main}  
[2019-01-23 08:14:51] production.ERROR: RuntimeException: The only supported ciphers are AES-128-CBC and AES-256-CBC with the correct key lengths. in F:\laragon\www\php\gso_olongapo\vendor\laravel\framework\src\Illuminate\Encryption\Encrypter.php:43
Stack trace:
#0 F:\laragon\www\php\gso_olongapo\vendor\laravel\framework\src\Illuminate\Encryption\EncryptionServiceProvider.php(27): Illuminate\Encryption\Encrypter->__construct('', 'AES-256-CBC')
#1 F:\laragon\www\php\gso_olongapo\vendor\laravel\framework\src\Illuminate\Container\Container.php(726): Illuminate\Encryption\EncryptionServiceProvider->Illuminate\Encryption\{closure}(Object(Illuminate\Foundation\Application), Array)
#2 F:\laragon\www\php\gso_olongapo\vendor\laravel\framework\src\Illuminate\Container\Container.php(608): Illuminate\Container\Container->build(Object(Closure))
#3 F:\laragon\www\php\gso_olongapo\vendor\laravel\framework\src\Illuminate\Container\Container.php(575): Illuminate\Container\Container->resolve('encrypter')
#4 F:\laragon\www\php\gso_olongapo\vendor\laravel\framework\src\Illuminate\Foundation\Application.php(728): Illuminate\Container\Container->make('encrypter')
#5 F:\laragon\www\php\gso_olongapo\vendor\laravel\framework\src\Illuminate\Container\Container.php(862): Illuminate\Foundation\Application->make('encrypter')
#6 F:\laragon\www\php\gso_olongapo\vendor\laravel\framework\src\Illuminate\Container\Container.php(790): Illuminate\Container\Container->resolveClass(Object(ReflectionParameter))
#7 F:\laragon\www\php\gso_olongapo\vendor\laravel\framework\src\Illuminate\Container\Container.php(757): Illuminate\Container\Container->resolveDependencies(Array)
#8 F:\laragon\www\php\gso_olongapo\vendor\laravel\framework\src\Illuminate\Container\Container.php(608): Illuminate\Container\Container->build('App\\Http\\Middle...')
#9 F:\laragon\www\php\gso_olongapo\vendor\laravel\framework\src\Illuminate\Container\Container.php(575): Illuminate\Container\Container->resolve('App\\Http\\Middle...')
#10 F:\laragon\www\php\gso_olongapo\vendor\laravel\framework\src\Illuminate\Foundation\Application.php(728): Illuminate\Container\Container->make('App\\Http\\Middle...')
#11 F:\laragon\www\php\gso_olongapo\vendor\laravel\framework\src\Illuminate\Foundation\Http\Kernel.php(215): Illuminate\Foundation\Application->make('App\\Http\\Middle...')
#12 F:\laragon\www\php\gso_olongapo\vendor\laravel\framework\src\Illuminate\Foundation\Http\Kernel.php(189): Illuminate\Foundation\Http\Kernel->terminateMiddleware(Object(Illuminate\Http\Request), Object(Illuminate\Http\Response))
#13 F:\laragon\www\php\gso_olongapo\public\index.php(58): Illuminate\Foundation\Http\Kernel->terminate(Object(Illuminate\Http\Request), Object(Illuminate\Http\Response))
#14 {main}  
[2019-01-23 08:15:02] production.ERROR: ErrorException: file_get_contents(F:\laragon\www\php\gso_olongapo/.env): failed to open stream: No such file or directory in F:\laragon\www\php\gso_olongapo\vendor\laravel\framework\src\Illuminate\Foundation\Console\KeyGenerateCommand.php:95
Stack trace:
#0 [internal function]: Illuminate\Foundation\Bootstrap\HandleExceptions->handleError(2, 'file_get_conten...', 'F:\\laragon\\www\\...', 95, Array)
#1 F:\laragon\www\php\gso_olongapo\vendor\laravel\framework\src\Illuminate\Foundation\Console\KeyGenerateCommand.php(95): file_get_contents('F:\\laragon\\www\\...')
#2 F:\laragon\www\php\gso_olongapo\vendor\laravel\framework\src\Illuminate\Foundation\Console\KeyGenerateCommand.php(79): Illuminate\Foundation\Console\KeyGenerateCommand->writeNewEnvironmentFileWith('base64:dbbnAeMz...')
#3 F:\laragon\www\php\gso_olongapo\vendor\laravel\framework\src\Illuminate\Foundation\Console\KeyGenerateCommand.php(44): Illuminate\Foundation\Console\KeyGenerateCommand->setKeyInEnvironmentFile('base64:dbbnAeMz...')
#4 [internal function]: Illuminate\Foundation\Console\KeyGenerateCommand->fire()
#5 F:\laragon\www\php\gso_olongapo\vendor\laravel\framework\src\Illuminate\Container\BoundMethod.php(29): call_user_func_array(Array, Array)
#6 F:\laragon\www\php\gso_olongapo\vendor\laravel\framework\src\Illuminate\Container\BoundMethod.php(87): Illuminate\Container\BoundMethod::Illuminate\Container\{closure}()
#7 F:\laragon\www\php\gso_olongapo\vendor\laravel\framework\src\Illuminate\Container\BoundMethod.php(31): Illuminate\Container\BoundMethod::callBoundMethod(Object(Illuminate\Foundation\Application), Array, Object(Closure))
#8 F:\laragon\www\php\gso_olongapo\vendor\laravel\framework\src\Illuminate\Container\Container.php(539): Illuminate\Container\BoundMethod::call(Object(Illuminate\Foundation\Application), Array, Array, NULL)
#9 F:\laragon\www\php\gso_olongapo\vendor\laravel\framework\src\Illuminate\Console\Command.php(182): Illuminate\Container\Container->call(Array)
#10 F:\laragon\www\php\gso_olongapo\vendor\symfony\console\Command\Command.php(252): Illuminate\Console\Command->execute(Object(Symfony\Component\Console\Input\ArgvInput), Object(Illuminate\Console\OutputStyle))
#11 F:\laragon\www\php\gso_olongapo\vendor\laravel\framework\src\Illuminate\Console\Command.php(167): Symfony\Component\Console\Command\Command->run(Object(Symfony\Component\Console\Input\ArgvInput), Object(Illuminate\Console\OutputStyle))
#12 F:\laragon\www\php\gso_olongapo\vendor\symfony\console\Application.php(938): Illuminate\Console\Command->run(Object(Symfony\Component\Console\Input\ArgvInput), Object(Symfony\Component\Console\Output\ConsoleOutput))
#13 F:\laragon\www\php\gso_olongapo\vendor\symfony\console\Application.php(240): Symfony\Component\Console\Application->doRunCommand(Object(Illuminate\Foundation\Console\KeyGenerateCommand), Object(Symfony\Component\Console\Input\ArgvInput), Object(Symfony\Component\Console\Output\ConsoleOutput))
#14 F:\laragon\www\php\gso_olongapo\vendor\symfony\console\Application.php(148): Symfony\Component\Console\Application->doRun(Object(Symfony\Component\Console\Input\ArgvInput), Object(Symfony\Component\Console\Output\ConsoleOutput))
#15 F:\laragon\www\php\gso_olongapo\vendor\laravel\framework\src\Illuminate\Foundation\Console\Kernel.php(122): Symfony\Component\Console\Application->run(Object(Symfony\Component\Console\Input\ArgvInput), Object(Symfony\Component\Console\Output\ConsoleOutput))
#16 F:\laragon\www\php\gso_olongapo\artisan(35): Illuminate\Foundation\Console\Kernel->handle(Object(Symfony\Component\Console\Input\ArgvInput), Object(Symfony\Component\Console\Output\ConsoleOutput))
#17 {main}  
[2019-01-23 08:15:51] local.ERROR: InvalidArgumentException: Please provide a valid cache path. in F:\laragon\www\php\gso_olongapo\vendor\laravel\framework\src\Illuminate\View\Compilers\Compiler.php:36
Stack trace:
#0 F:\laragon\www\php\gso_olongapo\vendor\laravel\framework\src\Illuminate\View\ViewServiceProvider.php(128): Illuminate\View\Compilers\Compiler->__construct(Object(Illuminate\Filesystem\Filesystem), false)
#1 F:\laragon\www\php\gso_olongapo\vendor\laravel\framework\src\Illuminate\Container\Container.php(726): Illuminate\View\ViewServiceProvider->Illuminate\View\{closure}(Object(Illuminate\Foundation\Application), Array)
#2 F:\laragon\www\php\gso_olongapo\vendor\laravel\framework\src\Illuminate\Container\Container.php(608): Illuminate\Container\Container->build(Object(Closure))
#3 F:\laragon\www\php\gso_olongapo\vendor\laravel\framework\src\Illuminate\Container\Container.php(575): Illuminate\Container\Container->resolve('blade.compiler')
#4 F:\laragon\www\php\gso_olongapo\vendor\laravel\framework\src\Illuminate\Foundation\Application.php(728): Illuminate\Container\Container->make('blade.compiler')
#5 F:\laragon\www\php\gso_olongapo\vendor\laravel\framework\src\Illuminate\Container\Container.php(1172): Illuminate\Foundation\Application->make('blade.compiler')
#6 F:\laragon\www\php\gso_olongapo\vendor\laravel\framework\src\Illuminate\View\ViewServiceProvider.php(133): Illuminate\Container\Container->offsetGet('blade.compiler')
#7 [internal function]: Illuminate\View\ViewServiceProvider->Illuminate\View\{closure}()
#8 F:\laragon\www\php\gso_olongapo\vendor\laravel\framework\src\Illuminate\View\Engines\EngineResolver.php(54): call_user_func(Object(Closure))
#9 F:\laragon\www\php\gso_olongapo\vendor\laravel\framework\src\Illuminate\View\Factory.php(263): Illuminate\View\Engines\EngineResolver->resolve('blade')
#10 F:\laragon\www\php\gso_olongapo\vendor\laravel\framework\src\Illuminate\View\Factory.php(227): Illuminate\View\Factory->getEngineFromPath('F:\\laragon\\www\\...')
#11 F:\laragon\www\php\gso_olongapo\vendor\laravel\framework\src\Illuminate\View\Factory.php(136): Illuminate\View\Factory->viewInstance('template::top-n...', 'F:\\laragon\\www\\...', Array)
#12 F:\laragon\www\php\gso_olongapo\vendor\laravel\framework\src\Illuminate\Foundation\helpers.php(885): Illuminate\View\Factory->make('template::top-n...', Array, Array)
#13 F:\laragon\www\php\gso_olongapo\Modules\Template\Http\Controllers\LoginController.php(46): view('template::top-n...', Array)
#14 [internal function]: Modules\Template\Http\Controllers\LoginController->index()
#15 F:\laragon\www\php\gso_olongapo\vendor\laravel\framework\src\Illuminate\Routing\Controller.php(55): call_user_func_array(Array, Array)
#16 F:\laragon\www\php\gso_olongapo\vendor\laravel\framework\src\Illuminate\Routing\ControllerDispatcher.php(44): Illuminate\Routing\Controller->callAction('index', Array)
#17 F:\laragon\www\php\gso_olongapo\vendor\laravel\framework\src\Illuminate\Routing\Route.php(203): Illuminate\Routing\ControllerDispatcher->dispatch(Object(Illuminate\Routing\Route), Object(Modules\Template\Http\Controllers\LoginController), 'index')
#18 F:\laragon\www\php\gso_olongapo\vendor\laravel\framework\src\Illuminate\Routing\Route.php(160): Illuminate\Routing\Route->runController()
#19 F:\laragon\www\php\gso_olongapo\vendor\laravel\framework\src\Illuminate\Routing\Router.php(572): Illuminate\Routing\Route->run()
#20 F:\laragon\www\php\gso_olongapo\vendor\laravel\framework\src\Illuminate\Routing\Pipeline.php(30): Illuminate\Routing\Router->Illuminate\Routing\{closure}(Object(Illuminate\Http\Request))
#21 F:\laragon\www\php\gso_olongapo\vendor\laravel\framework\src\Illuminate\Routing\Middleware\SubstituteBindings.php(41): Illuminate\Routing\Pipeline->Illuminate\Routing\{closure}(Object(Illuminate\Http\Request))
#22 F:\laragon\www\php\gso_olongapo\vendor\laravel\framework\src\Illuminate\Pipeline\Pipeline.php(148): Illuminate\Routing\Middleware\SubstituteBindings->handle(Object(Illuminate\Http\Request), Object(Closure))
#23 F:\laragon\www\php\gso_olongapo\vendor\laravel\framework\src\Illuminate\Routing\Pipeline.php(53): Illuminate\Pipeline\Pipeline->Illuminate\Pipeline\{closure}(Object(Illuminate\Http\Request))
#24 F:\laragon\www\php\gso_olongapo\vendor\laravel\framework\src\Illuminate\Foundation\Http\Middleware\VerifyCsrfToken.php(65): Illuminate\Routing\Pipeline->Illuminate\Routing\{closure}(Object(Illuminate\Http\Request))
#25 F:\laragon\www\php\gso_olongapo\vendor\laravel\framework\src\Illuminate\Pipeline\Pipeline.php(148): Illuminate\Foundation\Http\Middleware\VerifyCsrfToken->handle(Object(Illuminate\Http\Request), Object(Closure))
#26 F:\laragon\www\php\gso_olongapo\vendor\laravel\framework\src\Illuminate\Routing\Pipeline.php(53): Illuminate\Pipeline\Pipeline->Illuminate\Pipeline\{closure}(Object(Illuminate\Http\Request))
#27 F:\laragon\www\php\gso_olongapo\vendor\laravel\framework\src\Illuminate\View\Middleware\ShareErrorsFromSession.php(49): Illuminate\Routing\Pipeline->Illuminate\Routing\{closure}(Object(Illuminate\Http\Request))
#28 F:\laragon\www\php\gso_olongapo\vendor\laravel\framework\src\Illuminate\Pipeline\Pipeline.php(148): Illuminate\View\Middleware\ShareErrorsFromSession->handle(Object(Illuminate\Http\Request), Object(Closure))
#29 F:\laragon\www\php\gso_olongapo\vendor\laravel\framework\src\Illuminate\Routing\Pipeline.php(53): Illuminate\Pipeline\Pipeline->Illuminate\Pipeline\{closure}(Object(Illuminate\Http\Request))
#30 F:\laragon\www\php\gso_olongapo\vendor\laravel\framework\src\Illuminate\Session\Middleware\StartSession.php(64): Illuminate\Routing\Pipeline->Illuminate\Routing\{closure}(Object(Illuminate\Http\Request))
#31 F:\laragon\www\php\gso_olongapo\vendor\laravel\framework\src\Illuminate\Pipeline\Pipeline.php(148): Illuminate\Session\Middleware\StartSession->handle(Object(Illuminate\Http\Request), Object(Closure))
#32 F:\laragon\www\php\gso_olongapo\vendor\laravel\framework\src\Illuminate\Routing\Pipeline.php(53): Illuminate\Pipeline\Pipeline->Illuminate\Pipeline\{closure}(Object(Illuminate\Http\Request))
#33 F:\laragon\www\php\gso_olongapo\vendor\laravel\framework\src\Illuminate\Cookie\Middleware\AddQueuedCookiesToResponse.php(37): Illuminate\Routing\Pipeline->Illuminate\Routing\{closure}(Object(Illuminate\Http\Request))
#34 F:\laragon\www\php\gso_olongapo\vendor\laravel\framework\src\Illuminate\Pipeline\Pipeline.php(148): Illuminate\Cookie\Middleware\AddQueuedCookiesToResponse->handle(Object(Illuminate\Http\Request), Object(Closure))
#35 F:\laragon\www\php\gso_olongapo\vendor\laravel\framework\src\Illuminate\Routing\Pipeline.php(53): Illuminate\Pipeline\Pipeline->Illuminate\Pipeline\{closure}(Object(Illuminate\Http\Request))
#36 F:\laragon\www\php\gso_olongapo\vendor\laravel\framework\src\Illuminate\Cookie\Middleware\EncryptCookies.php(59): Illuminate\Routing\Pipeline->Illuminate\Routing\{closure}(Object(Illuminate\Http\Request))
#37 F:\laragon\www\php\gso_olongapo\vendor\laravel\framework\src\Illuminate\Pipeline\Pipeline.php(148): Illuminate\Cookie\Middleware\EncryptCookies->handle(Object(Illuminate\Http\Request), Object(Closure))
#38 F:\laragon\www\php\gso_olongapo\vendor\laravel\framework\src\Illuminate\Routing\Pipeline.php(53): Illuminate\Pipeline\Pipeline->Illuminate\Pipeline\{closure}(Object(Illuminate\Http\Request))
#39 F:\laragon\www\php\gso_olongapo\vendor\laravel\framework\src\Illuminate\Pipeline\Pipeline.php(102): Illuminate\Routing\Pipeline->Illuminate\Routing\{closure}(Object(Illuminate\Http\Request))
#40 F:\laragon\www\php\gso_olongapo\vendor\laravel\framework\src\Illuminate\Routing\Router.php(574): Illuminate\Pipeline\Pipeline->then(Object(Closure))
#41 F:\laragon\www\php\gso_olongapo\vendor\laravel\framework\src\Illuminate\Routing\Router.php(533): Illuminate\Routing\Router->runRouteWithinStack(Object(Illuminate\Routing\Route), Object(Illuminate\Http\Request))
#42 F:\laragon\www\php\gso_olongapo\vendor\laravel\framework\src\Illuminate\Routing\Router.php(511): Illuminate\Routing\Router->dispatchToRoute(Object(Illuminate\Http\Request))
#43 F:\laragon\www\php\gso_olongapo\vendor\laravel\framework\src\Illuminate\Foundation\Http\Kernel.php(176): Illuminate\Routing\Router->dispatch(Object(Illuminate\Http\Request))
#44 F:\laragon\www\php\gso_olongapo\vendor\laravel\framework\src\Illuminate\Routing\Pipeline.php(30): Illuminate\Foundation\Http\Kernel->Illuminate\Foundation\Http\{closure}(Object(Illuminate\Http\Request))
#45 F:\laragon\www\php\gso_olongapo\vendor\laravel\framework\src\Illuminate\Foundation\Http\Middleware\TransformsRequest.php(30): Illuminate\Routing\Pipeline->Illuminate\Routing\{closure}(Object(Illuminate\Http\Request))
#46 F:\laragon\www\php\gso_olongapo\vendor\laravel\framework\src\Illuminate\Pipeline\Pipeline.php(148): Illuminate\Foundation\Http\Middleware\TransformsRequest->handle(Object(Illuminate\Http\Request), Object(Closure))
#47 F:\laragon\www\php\gso_olongapo\vendor\laravel\framework\src\Illuminate\Routing\Pipeline.php(53): Illuminate\Pipeline\Pipeline->Illuminate\Pipeline\{closure}(Object(Illuminate\Http\Request))
#48 F:\laragon\www\php\gso_olongapo\vendor\laravel\framework\src\Illuminate\Foundation\Http\Middleware\TransformsRequest.php(30): Illuminate\Routing\Pipeline->Illuminate\Routing\{closure}(Object(Illuminate\Http\Request))
#49 F:\laragon\www\php\gso_olongapo\vendor\laravel\framework\src\Illuminate\Pipeline\Pipeline.php(148): Illuminate\Foundation\Http\Middleware\TransformsRequest->handle(Object(Illuminate\Http\Request), Object(Closure))
#50 F:\laragon\www\php\gso_olongapo\vendor\laravel\framework\src\Illuminate\Routing\Pipeline.php(53): Illuminate\Pipeline\Pipeline->Illuminate\Pipeline\{closure}(Object(Illuminate\Http\Request))
#51 F:\laragon\www\php\gso_olongapo\vendor\laravel\framework\src\Illuminate\Foundation\Http\Middleware\ValidatePostSize.php(27): Illuminate\Routing\Pipeline->Illuminate\Routing\{closure}(Object(Illuminate\Http\Request))
#52 F:\laragon\www\php\gso_olongapo\vendor\laravel\framework\src\Illuminate\Pipeline\Pipeline.php(148): Illuminate\Foundation\Http\Middleware\ValidatePostSize->handle(Object(Illuminate\Http\Request), Object(Closure))
#53 F:\laragon\www\php\gso_olongapo\vendor\laravel\framework\src\Illuminate\Routing\Pipeline.php(53): Illuminate\Pipeline\Pipeline->Illuminate\Pipeline\{closure}(Object(Illuminate\Http\Request))
#54 F:\laragon\www\php\gso_olongapo\vendor\laravel\framework\src\Illuminate\Foundation\Http\Middleware\CheckForMaintenanceMode.php(46): Illuminate\Routing\Pipeline->Illuminate\Routing\{closure}(Object(Illuminate\Http\Request))
#55 F:\laragon\www\php\gso_olongapo\vendor\laravel\framework\src\Illuminate\Pipeline\Pipeline.php(148): Illuminate\Foundation\Http\Middleware\CheckForMaintenanceMode->handle(Object(Illuminate\Http\Request), Object(Closure))
#56 F:\laragon\www\php\gso_olongapo\vendor\laravel\framework\src\Illuminate\Routing\Pipeline.php(53): Illuminate\Pipeline\Pipeline->Illuminate\Pipeline\{closure}(Object(Illuminate\Http\Request))
#57 F:\laragon\www\php\gso_olongapo\vendor\laravel\framework\src\Illuminate\Pipeline\Pipeline.php(102): Illuminate\Routing\Pipeline->Illuminate\Routing\{closure}(Object(Illuminate\Http\Request))
#58 F:\laragon\www\php\gso_olongapo\vendor\laravel\framework\src\Illuminate\Foundation\Http\Kernel.php(151): Illuminate\Pipeline\Pipeline->then(Object(Closure))
#59 F:\laragon\www\php\gso_olongapo\vendor\laravel\framework\src\Illuminate\Foundation\Http\Kernel.php(116): Illuminate\Foundation\Http\Kernel->sendRequestThroughRouter(Object(Illuminate\Http\Request))
#60 F:\laragon\www\php\gso_olongapo\public\index.php(53): Illuminate\Foundation\Http\Kernel->handle(Object(Illuminate\Http\Request))
#61 {main}  
[2019-01-23 08:15:51] local.ERROR: ErrorException: file_put_contents(F:\laragon\www\php\gso_olongapo\storage\framework/sessions/GCnnval6rlDDhawBuESkadNCPe05qdTAfLVsylUS): failed to open stream: No such file or directory in F:\laragon\www\php\gso_olongapo\vendor\laravel\framework\src\Illuminate\Filesystem\Filesystem.php:122
Stack trace:
#0 [internal function]: Illuminate\Foundation\Bootstrap\HandleExceptions->handleError(2, 'file_put_conten...', 'F:\\laragon\\www\\...', 122, Array)
#1 F:\laragon\www\php\gso_olongapo\vendor\laravel\framework\src\Illuminate\Filesystem\Filesystem.php(122): file_put_contents('F:\\laragon\\www\\...', 'a:3:{s:6:"_toke...', 2)
#2 F:\laragon\www\php\gso_olongapo\vendor\laravel\framework\src\Illuminate\Session\FileSessionHandler.php(83): Illuminate\Filesystem\Filesystem->put('F:\\laragon\\www\\...', 'a:3:{s:6:"_toke...', true)
#3 F:\laragon\www\php\gso_olongapo\vendor\laravel\framework\src\Illuminate\Session\Store.php(128): Illuminate\Session\FileSessionHandler->write('GCnnval6rlDDhaw...', 'a:3:{s:6:"_toke...')
#4 F:\laragon\www\php\gso_olongapo\vendor\laravel\framework\src\Illuminate\Session\Middleware\StartSession.php(88): Illuminate\Session\Store->save()
#5 F:\laragon\www\php\gso_olongapo\vendor\laravel\framework\src\Illuminate\Foundation\Http\Kernel.php(218): Illuminate\Session\Middleware\StartSession->terminate(Object(Illuminate\Http\Request), Object(Illuminate\Http\Response))
#6 F:\laragon\www\php\gso_olongapo\vendor\laravel\framework\src\Illuminate\Foundation\Http\Kernel.php(189): Illuminate\Foundation\Http\Kernel->terminateMiddleware(Object(Illuminate\Http\Request), Object(Illuminate\Http\Response))
#7 F:\laragon\www\php\gso_olongapo\public\index.php(58): Illuminate\Foundation\Http\Kernel->terminate(Object(Illuminate\Http\Request), Object(Illuminate\Http\Response))
#8 {main}  
